<?xml version="1.0" encoding="UTF-8"?>
<testng-results ignored="0" total="2" passed="2" failed="0" skipped="0">
  <reporter-output>
  </reporter-output>
  <suite started-at="2022-02-10T11:06:59 CST" name="Suite" finished-at="2022-02-10T11:08:14 CST" duration-ms="75488">
    <groups>
    </groups>
    <test started-at="2022-02-10T11:06:59 CST" name="Test" finished-at="2022-02-10T11:08:14 CST" duration-ms="75488">
      <class name="Tests.ValidateAllTrips_Tc4">
        <test-method signature="validatealltrip()[pri:0, instance:Tests.ValidateAllTrips_Tc4@437da279]" started-at="2022-02-10T11:07:41 CST" name="validatealltrip" finished-at="2022-02-10T11:08:14 CST" duration-ms="33663" status="PASS">
          <reporter-output>
          </reporter-output>
        </test-method> <!-- validatealltrip -->
      </class> <!-- Tests.ValidateAllTrips_Tc4 -->
      <class name="Tests.ValidateLatestTrip_Tc5">
        <test-method signature="validaterecenttrip()[pri:0, instance:Tests.ValidateLatestTrip_Tc5@2ea41516]" started-at="2022-02-10T11:06:59 CST" name="validaterecenttrip" finished-at="2022-02-10T11:07:41 CST" duration-ms="41758" status="PASS">
          <reporter-output>
          </reporter-output>
        </test-method> <!-- validaterecenttrip -->
      </class> <!-- Tests.ValidateLatestTrip_Tc5 -->
    </test> <!-- Test -->
  </suite> <!-- Suite -->
</testng-results>
